<?xml version="1.0" encoding="UTF-8"?>
<!-- Generated by org.testng.reporters.JUnitXMLReporter -->
<testsuite ignored="1" hostname="LAPTOP-BMP6N64A" failures="0" tests="3" name="Test1" time="12.011" errors="0" timestamp="2025-11-06T13:02:46 IST">
  <testcase classname="testscripts.ManageNewsTest" name="verifyAddNewNewsWithValidData" time="2.72"/>
  <testcase classname="testscripts.ManageNewsTest" name="verifyDeletingExistingNews" time="1.496"/>
  <testcase classname="testscripts.ManageNewsTest" name="verifySearchForExistingNews" time="1.38"/>
  <testcase classname="testscripts.ManageNewsTest" name="verifyUpdatingExistingNews" time="0.0">
    <ignored/>
  </testcase> <!-- verifyUpdatingExistingNews -->
</testsuite> <!-- Test1 -->
