<?xml version="1.0" encoding="UTF-8"?>
<!-- Generated by org.testng.reporters.JUnitXMLReporter -->
<testsuite ignored="0" hostname="LAPTOP-BMP6N64A" failures="0" tests="4" name="Edge Test" time="8.442" errors="0" timestamp="2025-11-06T13:06:03 IST">
  <testcase classname="testscripts.ManageNewsTest" name="verifyAddNewNewsWithValidData" time="0.0">
    <skipped/>
  </testcase> <!-- verifyAddNewNewsWithValidData -->
  <testcase classname="testscripts.ManageNewsTest" name="verifyDeletingExistingNews" time="0.0">
    <skipped/>
  </testcase> <!-- verifyDeletingExistingNews -->
  <testcase classname="testscripts.ManageNewsTest" name="verifySearchForExistingNews" time="0.0">
    <skipped/>
  </testcase> <!-- verifySearchForExistingNews -->
  <testcase classname="testscripts.ManageNewsTest" name="verifyUpdatingExistingNews" time="0.0">
    <skipped/>
  </testcase> <!-- verifyUpdatingExistingNews -->
</testsuite> <!-- Edge Test -->
