<?xml version="1.0" encoding="UTF-8"?>
<!-- Generated by org.testng.reporters.JUnitXMLReporter -->
<testsuite ignored="2" hostname="LAPTOP-BMP6N64A" failures="0" tests="1" name="my test" time="4.037" errors="0" timestamp="2025-07-29T11:50:44 IST">
  <testcase classname="testscripts.ManageCategoryTest" name="verifyDeleteForExistingCategory" time="1.845"/>
  <testcase classname="testscripts.ManageCategoryTest" name="verifySearchForExistingCategory" time="0.0">
    <ignored/>
  </testcase> <!-- verifySearchForExistingCategory -->
  <testcase classname="testscripts.ManageCategoryTest" name="verifyAddNewCategoryWithValidData" time="0.0">
    <ignored/>
  </testcase> <!-- verifyAddNewCategoryWithValidData -->
</testsuite> <!-- my test -->
